[11:46:58] [main/INFO]: Loading for game Minecraft 1.16.5
[11:46:59] [ForkJoinPool-1-worker-2/WARN]: The mod "autoconfig1u" contains invalid entries in its mod json:
- Unsupported root entry "$schema" at line 2 column 14
[11:46:59] [ForkJoinPool-1-worker-3/WARN]: The mod "autoconfig1u" contains invalid entries in its mod json:
- Unsupported root entry "$schema" at line 2 column 14
[11:46:59] [ForkJoinPool-1-worker-2/WARN]: The mod "autoconfig1u" contains invalid entries in its mod json:
- Unsupported root entry "$schema" at line 2 column 14
[11:46:59] [main/INFO]: [FabricLoader] Loading 71 mods: fabric-renderer-api-v1@0.4.1+ca58154a7d, fallflyinglib@1.1.0, fabric-keybindings-v0@0.2.1+ca58154a7d, roughlyenoughitems-api@5.9.1, dynamicsoundfilters@1.2.0+1.16.5, fabricloader@0.11.1, satin@1.5.1, fabric-structure-api-v1@1.1.4+ca58154a7d, fabric-containers-v0@0.1.10+ca58154a7d, fabric-object-builder-api-v1@1.9.3+ca58154a7d, fabric-dimensions-v1@2.0.2+ca58154a7d, pehkui@1.7.1+21w03a, java@8, fabric-game-rule-api-v1@1.0.6+ca58154a7d, fabric-api-base@0.2.0+daa38b3d7d, fabric-rendering-data-attachment-v1@0.1.5+ca58154a7d, fabric-textures-v0@1.0.6+ca58154a7d, fabric-rendering-fluids-v1@0.1.13+ca58154a7d, reach-entity-attributes@1.0.1, fabric-blockrenderlayer-v1@1.1.5+ca58154a7d, fabric-lifecycle-events-v1@1.2.1+ca58154a7d, fabric-renderer-registries-v1@2.2.1+ca58154a7d, chat_heads@0.2.1+1.16.2, fabric-loot-tables-v1@1.0.2+ca58154a7d, fabric@0.30.0+1.16, fabric-particles-v1@0.2.4+ca58154a7d, fabric-networking-v0@0.3.2+ca58154a7d, chat-up@1.0, roughlyenoughitems-default-plugin@5.9.1, fabric-networking-blockentity-v0@0.2.8+ca58154a7d, fabric-screen-handler-api-v1@1.1.1+ca58154a7d, minecraft@1.16.5, modmenu@1.16.3, fabric-command-api-v1@1.0.10+ca58154a7d, cloth-basic-math@0.5.1, blur@2.0.0, fabric-screen-api-v1@1.0.0+c045166c7d, fabric-tool-attribute-api-v1@1.2.6+ca58154a7d, fabric-renderer-indigo@0.4.4+ca58154a7d, roughlyenoughitems-runtime@5.9.1, cloth-client-events-v0@1.4.5, dark-loading-screen@1.5.0, fabric-item-api-v1@1.2.1+ca58154a7d, roughlyenoughitems@5.9.1, fabric-events-interaction-v0@0.4.2+ca58154a7d, fabric-crash-report-info-v1@0.1.3+ca58154a7d, fabric-entity-events-v1@1.0.3+ca58154a7d, origins@0.4.6, fabric-rendering-v0@1.1.2+ca58154a7d, fabric-rendering-v1@1.5.1+ca58154a7d, fabric-key-binding-api-v1@1.0.2+ca58154a7d, cloth-config2@4.8.3, fabric-resource-loader-v0@0.4.2+ca58154a7d, autoconfig1u@3.3.1, fabric-content-registries-v0@0.2.1+ca58154a7d, fabric-tag-extensions-v0@1.1.1+ca58154a7d, fabric-biome-api-v1@3.1.1+ca58154a7d, cardinal-components-entity@2.7.1, kirin@1.7-1.16.2, fabric-registry-sync-v0@0.7.4+ca58154a7d, fabric-commands-v0@0.2.2+ca58154a7d, cardinal-components-base@2.7.1, fabric-mining-levels-v0@0.1.3+ca58154a7d, fabric-networking-api-v1@1.0.1+ca58154a7d, voxelmap@1.10.15, fabric-events-lifecycle-v0@0.2.1+ca58154a7d, fabric-models-v0@0.2.1+ca58154a7d, fabric-item-groups-v0@0.2.3+ca58154a7d, inventorytabs@0.3.0-1.16.4, fabric-object-builders-v0@0.7.2+ca58154a7d, presencefootsteps@r29+1.16.4
[11:46:59] [main/WARN]: Mod `presencefootsteps` (r29+1.16.4) does not respect SemVer - comparison support is limited.
[11:46:59] [main/INFO]: SpongePowered MIXIN Subsystem Version=0.8.2 Source=file:/C:/Users/Hawk/AppData/Roaming/.minecraft/libraries/net/fabricmc/sponge-mixin/0.8.2+build.24/sponge-mixin-0.8.2+build.24.jar Service=Knot/Fabric Env=CLIENT
[11:47:17] [main/INFO]: Environment: authHost='https://authserver.mojang.com', accountsHost='https://api.mojang.com', sessionHost='https://sessionserver.mojang.com', servicesHost='https://api.minecraftservices.com', name='PROD'
[11:47:18] [main/INFO]: Setting user: Fa1_C0N
[11:47:19] [main/INFO]: Origins is initializing. Have fun!
[11:47:21] [main/WARN]: WARNING! Mod fallflyinglib is only using deprecated 'modmenu:api' custom value! This will be removed in 1.18 snapshots, so ask the author of this mod to support the new API.
[11:47:21] [main/WARN]: WARNING! Mod roughlyenoughitems-api is only using deprecated 'modmenu:parent' custom value! This will be removed in 1.18 snapshots, so ask the author of this mod to support the new API.
[11:47:21] [main/WARN]: WARNING! Mod satin is only using deprecated 'modmenu:api' custom value! This will be removed in 1.18 snapshots, so ask the author of this mod to support the new API.
[11:47:21] [main/WARN]: WARNING! Mod pehkui is only using deprecated 'modmenu:api' custom value! This will be removed in 1.18 snapshots, so ask the author of this mod to support the new API.
[11:47:21] [main/WARN]: WARNING! Mod reach-entity-attributes is only using deprecated 'modmenu:api' custom value! This will be removed in 1.18 snapshots, so ask the author of this mod to support the new API.
[11:47:21] [main/WARN]: WARNING! Mod roughlyenoughitems-default-plugin is only using deprecated 'modmenu:parent' custom value! This will be removed in 1.18 snapshots, so ask the author of this mod to support the new API.
[11:47:21] [main/WARN]: WARNING! Mod cloth-basic-math is only using deprecated 'modmenu:api' custom value! This will be removed in 1.18 snapshots, so ask the author of this mod to support the new API.
[11:47:21] [main/WARN]: WARNING! Mod roughlyenoughitems-runtime is only using deprecated 'modmenu:parent' custom value! This will be removed in 1.18 snapshots, so ask the author of this mod to support the new API.
[11:47:21] [main/WARN]: WARNING! Mod cloth-client-events-v0 is only using deprecated 'modmenu:parent' custom value! This will be removed in 1.18 snapshots, so ask the author of this mod to support the new API.
[11:47:21] [main/WARN]: WARNING! Mod cloth-client-events-v0 is only using deprecated 'modmenu:clientsideOnly' custom value! This is no longer needed and will be removed in 1.18 snapshots.
[11:47:21] [main/WARN]: WARNING! Mod cloth-client-events-v0 is only using deprecated 'modmenu:api' custom value! This will be removed in 1.18 snapshots, so ask the author of this mod to support the new API.
[11:47:21] [main/WARN]: WARNING! Mod cloth-config2 is only using deprecated 'modmenu:api' custom value! This will be removed in 1.18 snapshots, so ask the author of this mod to support the new API.
[11:47:21] [main/WARN]: WARNING! Mod autoconfig1u is only using deprecated 'modmenu:api' custom value! This will be removed in 1.18 snapshots, so ask the author of this mod to support the new API.
[11:47:21] [main/WARN]: WARNING! Mod cardinal-components-entity is only using deprecated 'modmenu:parent' custom value! This will be removed in 1.18 snapshots, so ask the author of this mod to support the new API.
[11:47:21] [main/WARN]: WARNING! Mod cardinal-components-entity is only using deprecated 'modmenu:api' custom value! This will be removed in 1.18 snapshots, so ask the author of this mod to support the new API.
[11:47:21] [main/WARN]: WARNING! Mod kirin is only using deprecated 'modmenu:clientsideOnly' custom value! This is no longer needed and will be removed in 1.18 snapshots.
[11:47:21] [main/WARN]: WARNING! Mod kirin is only using deprecated 'modmenu:api' custom value! This will be removed in 1.18 snapshots, so ask the author of this mod to support the new API.
[11:47:21] [main/WARN]: WARNING! Mod cardinal-components-base is only using deprecated 'modmenu:parent' custom value! This will be removed in 1.18 snapshots, so ask the author of this mod to support the new API.
[11:47:21] [main/WARN]: WARNING! Mod cardinal-components-base is only using deprecated 'modmenu:api' custom value! This will be removed in 1.18 snapshots, so ask the author of this mod to support the new API.
[11:47:21] [main/INFO]: [Indigo] Registering Indigo renderer!
[11:47:23] [main/INFO]: Config loaded.
[11:47:24] [main/INFO]: Backend library: LWJGL version 3.2.2 build 10
[11:47:29] [main/INFO]: Narrator library for x64 successfully loaded
[11:47:30] [main/INFO]: Reloading ResourceManager: Default, Fabric Mods (Fabric Renderer API (v1), FallFlyingLib, Fabric Key Bindings (v0), Dynamic Sound Filters, Fabric Loader, Satin, Fabric Structure API (v1), Fabric Containers (v0), Fabric Object Builder API (v1), Pehkui, Fabric Game Rule API (v1), Fabric API Base, Fabric Rendering Data Attachment (v1), Fabric Textures (v0), Fabric Rendering Fluids (v1), Reach Entity Attribute, Fabric BlockRenderLayer Registration (v1), Fabric Lifecycle Events (v1), Fabric Renderer Registries (v1), Chat Heads, Fabric Loot Tables (v1), Fabric API, Fabric Particles (v1), Fabric Networking (v0), Chat Up!, Fabric Networking Block Entity (v0), Fabric Screen Handler API (v1), Mod Menu, Fabric Command API (v1), Blur (Fabric), Fabric Screen API (v1), Fabric Tool Attribute API (v1), Fabric Renderer - Indigo, REI (Runtime), Dark Loading Screen, Fabric Item API (v1), Roughly Enough Items, Fabric Events Interaction (v0), Fabric Crash Report Info (v1), Fabric Entity Events (v1), Origins, Fabric Rendering (v0), Fabric Rendering (v1), Fabric Key Binding API (v1), Cloth Config v4, Fabric Resource Loader (v0), Auto Config v1 Updated, Fabric Content Registries (v0), Fabric Tag Extensions (v0), Fabric Biome API (v1), Fabric Registry Sync (v0), Fabric Commands (v0), Fabric Mining Levels (v0), Fabric Networking API (v1), VoxelMap, Fabric Events Lifecycle (v0), Fabric Models (v0), Fabric Item Groups (v0), Inventory Tabs, Fabric Object Builders (v0), Presence Footsteps)
[11:47:31] [main/INFO]: [STDOUT]: CATEGORY ORDER IS 8
[11:47:33] [main/INFO]: Created: 256x256 waypoints-atlas
[11:47:34] [main/INFO]: Created: 256x128 chooser-atlas
[11:47:38] [main/INFO]: Created: 512x512 mobs-atlas
[11:47:38] [main/INFO]: Created: 64x64 pings-atlas
[11:47:53] [main/INFO]: OpenAL initialized.
[11:47:53] [main/INFO]: Sound engine started
[11:47:54] [main/INFO]: Created: 1024x1024x4 minecraft:textures/atlas/blocks.png-atlas
[11:47:54] [main/INFO]: Created: 256x128x4 minecraft:textures/atlas/signs.png-atlas
[11:47:54] [main/INFO]: Created: 1024x512x4 minecraft:textures/atlas/banner_patterns.png-atlas
[11:47:54] [main/INFO]: Created: 1024x512x4 minecraft:textures/atlas/shield_patterns.png-atlas
[11:47:54] [main/INFO]: Created: 256x256x4 minecraft:textures/atlas/chest.png-atlas
[11:47:54] [main/INFO]: Created: 512x256x4 minecraft:textures/atlas/beds.png-atlas
[11:47:54] [main/INFO]: Created: 512x256x4 minecraft:textures/atlas/shulker_boxes.png-atlas
[11:47:55] [main/INFO]: Created: 256x256x0 minecraft:textures/atlas/particles.png-atlas
[11:47:55] [main/INFO]: Created: 256x256x0 minecraft:textures/atlas/paintings.png-atlas
[11:47:55] [main/INFO]: Created: 256x128x0 minecraft:textures/atlas/mob_effects.png-atlas
[11:47:55] [main/INFO]: Skipping non-result value minecraft:lantern=UNASSIGNED
[11:47:55] [main/INFO]: Skipping non-result value minecraft:soul_fire_lantern=UNASSIGNED
[11:48:23] [main/INFO]: Stopping!
[11:48:23] [main/INFO]: OpenGL debug message, id=1281, source=API, type=ERROR, severity=HIGH, message=GL error GL_INVALID_VALUE
[11:48:23] [main/INFO]: OpenGL debug message, id=1281, source=API, type=ERROR, severity=HIGH, message=GL error GL_INVALID_VALUE
[11:48:23] [main/INFO]: OpenGL debug message, id=1281, source=API, type=ERROR, severity=HIGH, message=GL error GL_INVALID_VALUE
[11:48:23] [main/INFO]: OpenGL debug message, id=1281, source=API, type=ERROR, severity=HIGH, message=GL error GL_INVALID_VALUE
